<?xml version="1.0" encoding="UTF-8"?>
<!-- Generated by org.testng.reporters.JUnitXMLReporter -->
<testsuite ignored="1" hostname="DESKTOP-N42I4EB" failures="0" tests="72" name="Default test" time="117.0" errors="0" timestamp="2024-07-30T14:36:06 IST">
  <testcase classname="com.hashTagMIS.Test.AdminUC.A3Task.AdAddTaskTC" name="addTaskFromSheet" time="1.514"/>
  <testcase classname="com.hashTagMIS.Test.AdminUC.A3Task.AdAddTaskTC" name="addTaskFromSheet" time="1.472"/>
  <testcase classname="com.hashTagMIS.Test.AdminUC.A3Task.AdAddTaskTC" name="addTaskFromSheet" time="1.391"/>
  <testcase classname="com.hashTagMIS.Test.AdminUC.A3Task.AdAddTaskTC" name="addTaskFromSheet" time="1.472"/>
  <testcase classname="com.hashTagMIS.Test.AdminUC.A3Task.AdAddTaskTC" name="addTaskFromSheet" time="1.413"/>
  <testcase classname="com.hashTagMIS.Test.AdminUC.A3Task.AdAddTaskTC" name="addTaskFromSheet" time="1.48"/>
  <testcase classname="com.hashTagMIS.Test.AdminUC.A3Task.AdAddTaskTC" name="addTaskFromSheet" time="1.516"/>
  <testcase classname="com.hashTagMIS.Test.AdminUC.A3Task.AdAddTaskTC" name="addTaskFromSheet" time="1.558"/>
  <testcase classname="com.hashTagMIS.Test.AdminUC.A3Task.AdAddTaskTC" name="addTaskFromSheet" time="1.565"/>
  <testcase classname="com.hashTagMIS.Test.AdminUC.A3Task.AdAddTaskTC" name="addTaskFromSheet" time="1.409"/>
  <testcase classname="com.hashTagMIS.Test.AdminUC.A3Task.AdAddTaskTC" name="addTaskFromSheet" time="1.387"/>
  <testcase classname="com.hashTagMIS.Test.AdminUC.A3Task.AdAddTaskTC" name="addTaskFromSheet" time="1.405"/>
  <testcase classname="com.hashTagMIS.Test.AdminUC.A3Task.AdAddTaskTC" name="addTaskFromSheet" time="1.465"/>
  <testcase classname="com.hashTagMIS.Test.AdminUC.A3Task.AdAddTaskTC" name="addTaskFromSheet" time="1.55"/>
  <testcase classname="com.hashTagMIS.Test.AdminUC.A3Task.AdAddTaskTC" name="addTaskFromSheet" time="1.508"/>
  <testcase classname="com.hashTagMIS.Test.AdminUC.A3Task.AdAddTaskTC" name="addTaskFromSheet" time="1.533"/>
  <testcase classname="com.hashTagMIS.Test.AdminUC.A3Task.AdAddTaskTC" name="addTaskFromSheet" time="1.513"/>
  <testcase classname="com.hashTagMIS.Test.AdminUC.A3Task.AdAddTaskTC" name="addTaskFromSheet" time="1.388"/>
  <testcase classname="com.hashTagMIS.Test.AdminUC.A3Task.AdAddTaskTC" name="addTaskFromSheet" time="1.504"/>
  <testcase classname="com.hashTagMIS.Test.AdminUC.A3Task.AdAddTaskTC" name="addTaskFromSheet" time="1.497"/>
  <testcase classname="com.hashTagMIS.Test.AdminUC.A3Task.AdAddTaskTC" name="addTaskFromSheet" time="1.475"/>
  <testcase classname="com.hashTagMIS.Test.AdminUC.A3Task.AdAddTaskTC" name="addTaskFromSheet" time="1.396"/>
  <testcase classname="com.hashTagMIS.Test.AdminUC.A3Task.AdAddTaskTC" name="addTaskFromSheet" time="1.452"/>
  <testcase classname="com.hashTagMIS.Test.AdminUC.A3Task.AdAddTaskTC" name="addTaskFromSheet" time="1.39"/>
  <testcase classname="com.hashTagMIS.Test.AdminUC.A3Task.AdAddTaskTC" name="addTaskFromSheet" time="1.373"/>
  <testcase classname="com.hashTagMIS.Test.AdminUC.A3Task.AdAddTaskTC" name="addTaskFromSheet" time="1.584"/>
  <testcase classname="com.hashTagMIS.Test.AdminUC.A3Task.AdAddTaskTC" name="addTaskFromSheet" time="1.4"/>
  <testcase classname="com.hashTagMIS.Test.AdminUC.A3Task.AdAddTaskTC" name="addTaskFromSheet" time="1.429"/>
  <testcase classname="com.hashTagMIS.Test.AdminUC.A3Task.AdAddTaskTC" name="addTaskFromSheet" time="1.301"/>
  <testcase classname="com.hashTagMIS.Test.AdminUC.A3Task.AdAddTaskTC" name="addTaskFromSheet" time="1.495"/>
  <testcase classname="com.hashTagMIS.Test.AdminUC.A3Task.AdAddTaskTC" name="addTaskFromSheet" time="1.479"/>
  <testcase classname="com.hashTagMIS.Test.AdminUC.A3Task.AdAddTaskTC" name="addTaskFromSheet" time="1.447"/>
  <testcase classname="com.hashTagMIS.Test.AdminUC.A3Task.AdAddTaskTC" name="addTaskFromSheet" time="1.457"/>
  <testcase classname="com.hashTagMIS.Test.AdminUC.A3Task.AdAddTaskTC" name="addTaskFromSheet" time="1.41"/>
  <testcase classname="com.hashTagMIS.Test.AdminUC.A3Task.AdAddTaskTC" name="addTaskFromSheet" time="1.338"/>
  <testcase classname="com.hashTagMIS.Test.AdminUC.A3Task.AdAddTaskTC" name="addTaskFromSheet" time="1.409"/>
  <testcase classname="com.hashTagMIS.Test.AdminUC.A3Task.AdAddTaskTC" name="addTaskFromSheet" time="1.452"/>
  <testcase classname="com.hashTagMIS.Test.AdminUC.A3Task.AdAddTaskTC" name="addTaskFromSheet" time="1.423"/>
  <testcase classname="com.hashTagMIS.Test.AdminUC.A3Task.AdAddTaskTC" name="addTaskFromSheet" time="1.481"/>
  <testcase classname="com.hashTagMIS.Test.AdminUC.A3Task.AdAddTaskTC" name="addTaskFromSheet" time="1.395"/>
  <testcase classname="com.hashTagMIS.Test.AdminUC.A3Task.AdAddTaskTC" name="addTaskFromSheet" time="1.337"/>
  <testcase classname="com.hashTagMIS.Test.AdminUC.A3Task.AdAddTaskTC" name="addTaskFromSheet" time="1.409"/>
  <testcase classname="com.hashTagMIS.Test.AdminUC.A3Task.AdAddTaskTC" name="addTaskFromSheet" time="1.414"/>
  <testcase classname="com.hashTagMIS.Test.AdminUC.A3Task.AdAddTaskTC" name="addTaskFromSheet" time="1.482"/>
  <testcase classname="com.hashTagMIS.Test.AdminUC.A3Task.AdAddTaskTC" name="addTaskFromSheet" time="1.462"/>
  <testcase classname="com.hashTagMIS.Test.AdminUC.A3Task.AdAddTaskTC" name="addTaskFromSheet" time="1.482"/>
  <testcase classname="com.hashTagMIS.Test.AdminUC.A3Task.AdAddTaskTC" name="addTaskFromSheet" time="1.336"/>
  <testcase classname="com.hashTagMIS.Test.AdminUC.A3Task.AdAddTaskTC" name="addTaskFromSheet" time="1.36"/>
  <testcase classname="com.hashTagMIS.Test.AdminUC.A3Task.AdAddTaskTC" name="addTaskFromSheet" time="1.401"/>
  <testcase classname="com.hashTagMIS.Test.AdminUC.A3Task.AdAddTaskTC" name="addTaskFromSheet" time="1.439"/>
  <testcase classname="com.hashTagMIS.Test.AdminUC.A3Task.AdAddTaskTC" name="addTaskFromSheet" time="1.461"/>
  <testcase classname="com.hashTagMIS.Test.AdminUC.A3Task.AdAddTaskTC" name="addTaskFromSheet" time="1.45"/>
  <testcase classname="com.hashTagMIS.Test.AdminUC.A3Task.AdAddTaskTC" name="addTaskFromSheet" time="1.399"/>
  <testcase classname="com.hashTagMIS.Test.AdminUC.A3Task.AdAddTaskTC" name="addTaskFromSheet" time="1.334"/>
  <testcase classname="com.hashTagMIS.Test.AdminUC.A3Task.AdAddTaskTC" name="addTaskFromSheet" time="1.417"/>
  <testcase classname="com.hashTagMIS.Test.AdminUC.A3Task.AdAddTaskTC" name="addTaskFromSheet" time="1.437"/>
  <testcase classname="com.hashTagMIS.Test.AdminUC.A3Task.AdAddTaskTC" name="addTaskFromSheet" time="1.437"/>
  <testcase classname="com.hashTagMIS.Test.AdminUC.A3Task.AdAddTaskTC" name="addTaskFromSheet" time="1.439"/>
  <testcase classname="com.hashTagMIS.Test.AdminUC.A3Task.AdAddTaskTC" name="addTaskFromSheet" time="1.421"/>
  <testcase classname="com.hashTagMIS.Test.AdminUC.A3Task.AdAddTaskTC" name="addTaskFromSheet" time="1.374"/>
  <testcase classname="com.hashTagMIS.Test.AdminUC.A3Task.AdAddTaskTC" name="addTaskFromSheet" time="1.359"/>
  <testcase classname="com.hashTagMIS.Test.AdminUC.A3Task.AdAddTaskTC" name="addTaskFromSheet" time="1.507"/>
  <testcase classname="com.hashTagMIS.Test.AdminUC.A3Task.AdAddTaskTC" name="addTaskFromSheet" time="1.505"/>
  <testcase classname="com.hashTagMIS.Test.AdminUC.A3Task.AdAddTaskTC" name="addTaskFromSheet" time="1.449"/>
  <testcase classname="com.hashTagMIS.Test.AdminUC.A3Task.AdAddTaskTC" name="addTaskFromSheet" time="1.429"/>
  <testcase classname="com.hashTagMIS.Test.AdminUC.A3Task.AdAddTaskTC" name="addTaskFromSheet" time="1.324"/>
  <testcase classname="com.hashTagMIS.Test.AdminUC.A3Task.AdAddTaskTC" name="addTaskFromSheet" time="1.309"/>
  <testcase classname="com.hashTagMIS.Test.AdminUC.A3Task.AdAddTaskTC" name="addTaskFromSheet" time="1.35"/>
  <testcase classname="com.hashTagMIS.Test.AdminUC.A3Task.AdAddTaskTC" name="addTaskFromSheet" time="1.441"/>
  <testcase classname="com.hashTagMIS.Test.AdminUC.A3Task.AdAddTaskTC" name="addTaskFromSheet" time="1.406"/>
  <testcase classname="com.hashTagMIS.Test.AdminUC.A3Task.AdAddTaskTC" name="addTaskFromSheet" time="1.495"/>
  <testcase classname="com.hashTagMIS.Test.AdminUC.A3Task.AdAddTaskTC" name="addTaskFromSheet" time="1.429"/>
  <testcase classname="com.hashTagMIS.Test.AdminUC.A3Task.AdAddTaskTC" name="verifyTaskFromSheet" time="0.0">
    <ignored/>
  </testcase> <!-- verifyTaskFromSheet -->
</testsuite> <!-- Default test -->
