<?xml version="1.0" encoding="UTF-8"?>
<testng-results ignored="0" total="1" passed="1" failed="0" skipped="0">
  <reporter-output>
    <line>
      <![CDATA[<=======================================>]]>
    </line>
  </reporter-output>
  <suite started-at="2024-08-21T15:35:43 IST" name="Default suite" finished-at="2024-08-21T16:11:47 IST" duration-ms="2163719">
    <groups>
    </groups>
    <test started-at="2024-08-21T15:35:43 IST" name="Default test" finished-at="2024-08-21T16:11:47 IST" duration-ms="2163719">
      <class name="com.hashTagMIS.Test.EmployeeUC.c2Report.SubmitMultipleReportTC">
        <test-method is-config="true" signature="openBrowser()[pri:0, instance:com.hashTagMIS.Test.EmployeeUC.c2Report.SubmitMultipleReportTC@1c32386d]" started-at="2024-08-21T15:35:43 IST" name="openBrowser" finished-at="2024-08-21T15:35:49 IST" duration-ms="6497" status="PASS">
          <reporter-output>
          </reporter-output>
        </test-method> <!-- openBrowser -->
        <test-method is-config="true" signature="openLogIn()[pri:0, instance:com.hashTagMIS.Test.EmployeeUC.c2Report.SubmitMultipleReportTC@1c32386d]" started-at="2024-08-21T15:35:50 IST" name="openLogIn" finished-at="2024-08-21T15:35:52 IST" duration-ms="1996" status="PASS">
          <reporter-output>
          </reporter-output>
        </test-method> <!-- openLogIn -->
        <test-method signature="FillReportTest()[pri:0, instance:com.hashTagMIS.Test.EmployeeUC.c2Report.SubmitMultipleReportTC@1c32386d]" started-at="2024-08-21T15:35:52 IST" name="FillReportTest" finished-at="2024-08-21T16:11:47 IST" duration-ms="2154978" status="PASS">
          <reporter-output>
            <line>
              <![CDATA[<=======================================>]]>
            </line>
          </reporter-output>
        </test-method> <!-- FillReportTest -->
      </class> <!-- com.hashTagMIS.Test.EmployeeUC.c2Report.SubmitMultipleReportTC -->
    </test> <!-- Default test -->
  </suite> <!-- Default suite -->
</testng-results>
